<?xml version="1.0" encoding="UTF-8" ?>
<testsuite tests="8" failures="0" name="ReligiaManagerTest" time="14.335" errors="0" skipped="0">
  <properties>
[...]
</properties>
  <testcase classname="ReligiaManagerTest" name="sprawdzPolaczenie" time="0"/>
  <testcase classname="ReligiaManagerTest" name="sprawdzEdycja" time="0.707"/>
  <testcase classname="ReligiaManagerTest" name="sprawdzPobranieKlasztorow" time="4.483"/>
  <testcase classname="ReligiaManagerTest" name="sprawdzUsunWszystko" time="2.221"/>
  <testcase classname="ReligiaManagerTest" name="sprawdzDajWszystkieDane" time="1.08"/>
  <testcase classname="ReligiaManagerTest" name="sprawdzDodaj" time="1.049"/>
  <testcase classname="ReligiaManagerTest" name="sprawdzUsun" time="0.711"/>
  <testcase classname="ReligiaManagerTest" name="sprawdzUsunKlasztory" time="4.084"/>
</testsuite>